#
# There is insufficient memory for the Java Runtime Environment to continue.
# Native memory allocation (malloc) failed to allocate 1048576 bytes for AllocateHeap
# Possible reasons:
#   The system is out of physical RAM or swap space
#   The process is running with CompressedOops enabled, and the Java Heap may be blocking the growth of the native heap
# Possible solutions:
#   Reduce memory load on the system
#   Increase physical memory or swap space
#   Check if swap backing store is full
#   Decrease Java heap size (-Xmx/-Xms)
#   Decrease number of Java threads
#   Decrease Java thread stack sizes (-Xss)
#   Set larger code cache with -XX:ReservedCodeCacheSize=
#   JVM is running with Zero Based Compressed Oops mode in which the Java heap is
#     placed in the first 32GB address space. The Java Heap base address is the
#     maximum limit for the native heap growth. Please use -XX:HeapBaseMinAddress
#     to set the Java Heap base and to place the Java Heap above 32GB virtual address.
# This output file may be truncated or incomplete.
#
#  Out of Memory Error (memory/allocation.inline.hpp:61), pid=2852, tid=0x00000000000051dc
#
# JRE version:  (8.0_192-b01) (build )
# Java VM: OpenJDK 64-Bit Server VM (25.192-b01 mixed mode windows-amd64 compressed oops)
# Failed to write core dump. Minidumps are not enabled by default on client versions of Windows
#

---------------  T H R E A D  ---------------

Current thread (0x00000000026c2800):  JavaThread "Unknown thread" [_thread_in_vm, id=20956, stack(0x00000000025c0000,0x00000000026c0000)]

Stack: [0x00000000025c0000,0x00000000026c0000]
[error occurred during error reporting (printing stack bounds), id 0xc0000005]

Native frames: (J=compiled Java code, j=interpreted, Vv=VM code, C=native code)


---------------  P R O C E S S  ---------------

Java Threads: ( => current thread )

Other Threads:

=>0x00000000026c2800 (exited) JavaThread "Unknown thread" [_thread_in_vm, id=20956, stack(0x00000000025c0000,0x00000000026c0000)]

VM state:not at safepoint (normal execution)

VM Mutex/Monitor currently owned by a thread: None

heap address: 0x00000006c1000000, size: 4080 MB, Compressed Oops mode: Zero based, Oop shift amount: 3
Narrow klass base: 0x0000000000000000, Narrow klass shift: 3
Compressed class space size: 1073741824 Address: 0x00000007c0000000

Heap:
 PSYoungGen      total 76288K, used 1310K [0x000000076b000000, 0x0000000770500000, 0x00000007c0000000)
  eden space 65536K, 2% used [0x000000076b000000,0x000000076b147af0,0x000000076f000000)
  from space 10752K, 0% used [0x000000076fa80000,0x000000076fa80000,0x0000000770500000)
  to   space 10752K, 0% used [0x000000076f000000,0x000000076f000000,0x000000076fa80000)
 ParOldGen       total 175104K, used 0K [0x00000006c1000000, 0x00000006cbb00000, 0x000000076b000000)
  object space 175104K, 0% used [0x00000006c1000000,0x00000006c1000000,0x00000006cbb00000)
 Metaspace       used 777K, capacity 4480K, committed 4480K, reserved 1056768K
  class space    used 74K, capacity 384K, committed 384K, reserved 1048576K

Card table byte_map: [0x0000000011b80000,0x0000000012380000] byte_map_base: 0x000000000e578000

Marking Bits: (ParMarkBitMap*) 0x00000000644ecf50
 Begin Bits: [0x00000000130d0000, 0x0000000017090000)
 End Bits:   [0x0000000017090000, 0x000000001b050000)

Polling page: 0x0000000002150000

CodeCache: size=245760Kb used=328Kb max_used=328Kb free=245431Kb
 bounds [0x00000000027c0000, 0x0000000002a30000, 0x00000000117c0000]
 total_blobs=57 nmethods=0 adapters=38
 compilation: enabled

Compilation events (0 events):
No events

GC Heap History (0 events):
No events

Deoptimization events (0 events):
No events

Classes redefined (0 events):
No events

Internal exceptions (0 events):
No events

Events (10 events):
Event: 0.013 loading class java/lang/Short
Event: 0.013 loading class java/lang/Short done
Event: 0.013 loading class java/lang/Integer
Event: 0.013 loading class java/lang/Integer done
Event: 0.013 loading class java/lang/Long
Event: 0.013 loading class java/lang/Long done
Event: 0.014 loading class java/lang/NullPointerException
Event: 0.014 loading class java/lang/NullPointerException done
Event: 0.014 loading class java/lang/ArithmeticException
Event: 0.014 loading class java/lang/ArithmeticException done


Dynamic libraries:
0x00007ff73d1f0000 - 0x00007ff73d225000 	C:\Program Files\Zulu\zulu-8\bin\javaw.exe
0x00007ff846bd0000 - 0x00007ff846dc8000 	C:\windows\SYSTEM32\ntdll.dll
0x00007ff8456a0000 - 0x00007ff84575f000 	C:\windows\System32\KERNEL32.DLL
0x00007ff844680000 - 0x00007ff844952000 	C:\windows\System32\KERNELBASE.dll
0x00007ff8459c0000 - 0x00007ff845a6e000 	C:\windows\System32\ADVAPI32.dll
0x00007ff845760000 - 0x00007ff8457fe000 	C:\windows\System32\msvcrt.dll
0x00007ff845fd0000 - 0x00007ff84606c000 	C:\windows\System32\sechost.dll
0x00007ff846a60000 - 0x00007ff846b85000 	C:\windows\System32\RPCRT4.dll
0x00007ff846160000 - 0x00007ff846301000 	C:\windows\System32\USER32.dll
0x00007ff844be0000 - 0x00007ff844c02000 	C:\windows\System32\win32u.dll
0x00007ff8460d0000 - 0x00007ff8460fb000 	C:\windows\System32\GDI32.dll
0x00007ff844330000 - 0x00007ff84443f000 	C:\windows\System32\gdi32full.dll
0x00007ff844960000 - 0x00007ff8449fd000 	C:\windows\System32\msvcp_win.dll
0x00007ff844a00000 - 0x00007ff844b00000 	C:\windows\System32\ucrtbase.dll
0x00007ff836740000 - 0x00007ff8369da000 	C:\windows\WinSxS\amd64_microsoft.windows.common-controls_6595b64144ccf1df_6.0.19041.1110_none_60b5254171f9507e\COMCTL32.dll
0x00007ff845940000 - 0x00007ff845972000 	C:\windows\System32\IMM32.DLL
0x0000000064570000 - 0x0000000064642000 	C:\Program Files\Zulu\zulu-8\jre\bin\msvcr100.dll
0x0000000063d20000 - 0x000000006456a000 	C:\Program Files\Zulu\zulu-8\jre\bin\server\jvm.dll
0x00007ff845fc0000 - 0x00007ff845fc8000 	C:\windows\System32\PSAPI.DLL
0x00007ff83abd0000 - 0x00007ff83abd9000 	C:\windows\SYSTEM32\WSOCK32.dll
0x00007ff845800000 - 0x00007ff84586b000 	C:\windows\System32\WS2_32.dll
0x00007ff83a5c0000 - 0x00007ff83a5e7000 	C:\windows\SYSTEM32\WINMM.dll
0x00007ff83dbc0000 - 0x00007ff83dbca000 	C:\windows\SYSTEM32\VERSION.dll
0x00007ff83abc0000 - 0x00007ff83abcf000 	C:\Program Files\Zulu\zulu-8\jre\bin\verify.dll
0x00007ff83a9f0000 - 0x00007ff83aa19000 	C:\Program Files\Zulu\zulu-8\jre\bin\java.dll
0x00007ff83a9d0000 - 0x00007ff83a9e6000 	C:\Program Files\Zulu\zulu-8\jre\bin\zip.dll

VM Arguments:
jvm_args: -Dfile.encoding=UTF-8 
java_command: SWEA_1225_ľĎČŁ»ýĽş±â
java_class_path (initial): C:\Users\SSAFY\Dropbox\eclipse_workspace\SWEA_D3_Java\bin
Launcher Type: SUN_STANDARD

Environment Variables:
JAVA_HOME=C:\Program Files\Zulu\zulu-8
PATH=C:\Program Files\Zulu\zulu-8\bin\;C:\Windows\system32;C:\Windows;C:\Windows\System32\Wbem;C:\Windows\System32\WindowsPowerShell\v1.0\;C:\Windows\System32\OpenSSH\;C:\Program Files (x86)\NVIDIA Corporation\PhysX\Common;C:\Program Files\Bandizip\;C:\Program Files\Microsoft SQL Server\130\Tools\Binn\;C:\Program Files\Git\cmd;C:\Users\SSAFY\AppData\Local\Microsoft\WindowsApps;;C:\Users\SSAFY\AppData\Local\Programs\Microsoft VS Code\bin
USERNAME=SSAFY
OS=Windows_NT
PROCESSOR_IDENTIFIER=Intel64 Family 6 Model 158 Stepping 13, GenuineIntel



---------------  S Y S T E M  ---------------

OS: Windows 10.0 , 64 bit Build 19041 (10.0.19041.2364)

CPU:total 8 (initial active 8) (8 cores per cpu, 1 threads per core) family 6 model 158 stepping 13, cmov, cx8, fxsr, mmx, sse, sse2, sse3, ssse3, sse4.1, sse4.2, popcnt, avx, avx2, aes, clmul, erms, rtm, 3dnowpref, lzcnt, tsc, tscinvbit, bmi1, bmi2, adx

Memory: 4k page, physical 16709832k(9748380k free), swap 47817796k(5516k free)

vm_info: OpenJDK 64-Bit Server VM (25.192-b01) for windows-amd64 JRE (1.8.0_192-b01), built on Oct 17 2018 09:53:48 by "tester" with MS VC++ 10.0 (VS2010)

time: Wed Feb 22 16:48:04 2023
timezone: ´ëÇŃąÎ±ą ÇĄÁŘ˝Ă
elapsed time: 0 seconds (0d 0h 0m 0s)

